C51 COMPILER V9.01   KEY                                                                   05/16/2015 23:36:19 PAGE 1   


C51 COMPILER V9.01, COMPILATION OF MODULE KEY
OBJECT MODULE PLACED IN key.OBJ
COMPILER INVOKED BY: C:\Keil\C51\BIN\C51.EXE key.c COMPACT OPTIMIZE(9,SPEED) BROWSE DEBUG OBJECTEXTEND

line level    source

   1          #include "key.h"
   2          #include "display.h"
   3          #include <reg52.h>
   4          
   5          #define PRESSURE        10  //压力值    H  有小数点
   6          #define WIND_SPEED      0x01  //风速值  B  有小数点
   7          #define WIND_SPEED_ZERO 0x02  //调校风速零点  C  有小数点
   8          #define WIND_SPEED_RATE 0x03  //校准风速灵敏度 D 有小数点
   9          #define RENEW           0x04  //积分系数         E      无小数点
  10          #define WIND_SPEED_RATE_A 0x05  //补偿系数
  11          #define SET_AREA        0x07  //截面积设定       F       无小数点
  12          #define WIND_FLUX       0x00  //风量值   A 有小数点
  13          #define WIND_FLUX_MIN   0x08  //单位选择  L
  14          #define ZK_SET          0X06  //zero k恢复初始标定值  u
  15          #define SET_RANGE       0X09  //量程 有5档，每档为10   n
  16          #define PROTECT         13  //密码保护界面2
  17          #define PROTECT1        14  //密码保护界面1
  18          #define ENCRYPEION      11    //
  19          #define RETURN          12
  20          
  21          sbit  add1=P0^0; 
  22          sbit  sub1=P0^1;
  23          sbit  sure1 =P3^3;
  24          sbit  func1 =P3^4 ;
  25          
  26          unsigned char key()
  27          {
  28   1         unsigned char ret =0;
  29   1         if( add1 == 1)
  30   1           {  
  31   2                  g_iLed_light = 0;
  32   2                  ret = KEY_ADD;
  33   2               } 
  34   1        
  35   1          if(sub1 == 1)
  36   1              {
  37   2                 g_iLed_light = 0;
  38   2                 ret = KEY_SUB;
  39   2              }
  40   1      
  41   1              if(sure1 == 1)
  42   1              {
  43   2                g_iLed_light = 0;
  44   2                ret = KEY_SURE;
  45   2              }
  46   1      
  47   1              if(func1 == 1)
  48   1              {
  49   2                g_iLed_light = 0;
  50   2                ret = KEY_FUNC;
  51   2              }
  52   1      
  53   1               return ret;
  54   1      }
  55          
C51 COMPILER V9.01   KEY                                                                   05/16/2015 23:36:19 PAGE 2   

  56          unsigned int key_AddSub(unsigned int number,unsigned char point,unsigned char start_x,unsigned char start_
             -y,unsigned int max)
  57          {
  58   1                if(key() == KEY_ADD)
  59   1                  {
  60   2                         g_iProtect = 0;
  61   2                         number++;
  62   2                         if(number>max)
  63   2                           {
  64   3                                 number = 0;
  65   3                               }
  66   2                         disylay_mun(number,point,start_x,start_y);
  67   2                      }
  68   1                 if(key() == KEY_SUB)
  69   1                  {
  70   2                        number--;
  71   2                        g_iProtect = 0;
  72   2                        if(g_cFunc != 5)
  73   2                        {
  74   3                                if(number ==65535)
  75   3                                 {
  76   4                                   number = max;
  77   4                                 }
  78   3                         }
  79   2                         else
  80   2                         {
  81   3                            if(number ==0)
  82   3                                 {
  83   4                                   number = max;
  84   4                                 }
  85   3                         }
  86   2                        disylay_mun(number,point,start_x,start_y);
  87   2                      }
  88   1                      
  89   1                      return number;
  90   1      
  91   1      } 
  92          
  93          void key_release()
  94          {
  95   1          while(add1 || func1 || sure1 || sub1)
  96   1              {
  97   2                g_iProtect = 0; 
  98   2              }
  99   1      }


MODULE INFORMATION:   STATIC OVERLAYABLE
   CODE SIZE        =    236    ----
   CONSTANT SIZE    =   ----    ----
   XDATA SIZE       =   ----    ----
   PDATA SIZE       =   ----       7
   DATA SIZE        =   ----    ----
   IDATA SIZE       =   ----    ----
   BIT SIZE         =   ----    ----
END OF MODULE INFORMATION.


C51 COMPILATION COMPLETE.  0 WARNING(S),  0 ERROR(S)
