C51 COMPILER V9.01   PWM                                                                   05/20/2015 23:55:48 PAGE 1   


C51 COMPILER V9.01, COMPILATION OF MODULE PWM
OBJECT MODULE PLACED IN pwm.OBJ
COMPILER INVOKED BY: C:\Keil\C51\BIN\C51.EXE pwm.c LARGE ROM(COMPACT) OPTIMIZE(9,SPEED) BROWSE DEBUG OBJECTEXTEND

line level    source

   1          #include "reg51.h"
   2          #include "intrins.h"
   3          #include "pwm.h"
   4          #include "global_var.h"
   5          unsigned int out2;
   6          
   7          void pca_Init()
   8          {
   9   1            CCON = 0;                       //Initial PCA control register
  10   1                                          //PCA timer stop running
  11   1                                          //Clear CF flag
  12   1                                          //Clear all module interrupt flag
  13   1          CL = 0;                         //Reset PCA base timer
  14   1          CH = 0;
  15   1          CMOD = 0x00;                    //Set PCA timer clock source as Fosc/12
  16   1                                          //Disable PCA timer overflow interrupt
  17   1      //    value = T100Hz;
  18   1          CCAP0L = out2;
  19   1          CCAP0H = out2 >> 8;            //Initial PCA module-0
  20   1           out2+= g_iOut2;
  21   1          CCAPM0 = 0x49;                  //PCA module-0 work in 16-bit timer mode and enable PCA interrupt
  22   1      
  23   1          CR = 1;                         //PCA timer start run
  24   1          EPCAI = 1;
  25   1      //    EA = 1;
  26   1      }
  27          
  28          void pca_set2(float x)
  29          {/*
  30   1        if(g_cUint == 0)
  31   1         {
  32   1          g_iOut2 = 500000L/(200+800*x/g_iRange);//100*(200+800*x/g_iRange);
  33   1         }
  34   1         else
  35   1         {
  36   1          g_iOut2 = 500000L/(200+800*x/g_iRangeMin);//100*(200+800*x/g_iRangeMin);  
  37   1         } */
  38   1        g_iOut2 = 500000L/(200+800*x/100);
  39   1      }


MODULE INFORMATION:   STATIC OVERLAYABLE
   CODE SIZE        =    130    ----
   CONSTANT SIZE    =   ----    ----
   XDATA SIZE       =      2       4
   PDATA SIZE       =   ----    ----
   DATA SIZE        =   ----    ----
   IDATA SIZE       =   ----    ----
   BIT SIZE         =   ----    ----
END OF MODULE INFORMATION.


C51 COMPILATION COMPLETE.  0 WARNING(S),  0 ERROR(S)
