C51 COMPILER V9.01   ZIKU                                                                  05/21/2015 22:39:39 PAGE 1   


C51 COMPILER V9.01, COMPILATION OF MODULE ZIKU
OBJECT MODULE PLACED IN ziku.OBJ
COMPILER INVOKED BY: C:\Keil\C51\BIN\C51.EXE ziku.c LARGE ROM(COMPACT) OPTIMIZE(9,SPEED) BROWSE DEBUG OBJECTEXTEND

line level    source

   1          #define uchar unsigned char
   2          #define uint unsigned int
   3          uchar code font_00[] =             
   4          {
   5                  0x00,0x00,0x00,0x00,0x00,0x00,0x00,0x00,//"空白"
   6                  0x00,0x00,0x00,0x00,0x00,0x00,0x00,0x00,
   7                  0x00,0x00,0x00,0x00,0x00,0x00,0x00,0x00,
   8                  0x00,0x00,0x00,0x00,0x00,0x00,0x00,0x00
   9          }; 
  10          
  11          uchar code font_01[] = //"风" 
  12          {
  13                  0x00,0x00,0xFE,0x02,0x0A,0x12,0x62,0x82,
  14              0x62,0x1A,0x02,0xFF,0x02,0x00,0x00,0x00,
  15              0x80,0x40,0x3F,0x20,0x10,0x08,0x06,0x01,
  16              0x06,0x18,0x00,0x3F,0x40,0x80,0xE0,0x00
  17          };
  18          
  19          uchar code font_02[] = //"量",           
  20          {
  21                  0x20,0x20,0x20,0xBE,0xAA,0xAA,0xAA,0xAA,
  22                0xAA,0xAA,0xAA,0xBF,0x22,0x30,0x20,0x00,
  23                0x00,0x80,0x80,0xAF,0xAA,0xAA,0xAA,0xFF,
  24                0xAA,0xAA,0xAA,0xAF,0x80,0x80,0x00,0x00
  25          };              
  26          
  27          uchar code font_03[] =//"零",    
  28          {
  29          0x10,0x0C,0x04,0x55,0x55,0x55,0x85,0x7F,
  30                0x85,0x55,0x55,0x55,0x04,0x14,0x0C,0x00,
  31                0x04,0x04,0x02,0x02,0x09,0x09,0x2A,0x4C,
  32                0xA8,0x19,0x09,0x02,0x02,0x04,0x04,0x00
  33          };      
  34          
  35          uchar code font_04[] =//"速",      
  36          {
  37                  0x40,0x42,0x44,0xCC,0x00,0xF4,0x94,0x94,
  38                0x94,0xFF,0x94,0x94,0x94,0xF6,0x04,0x00,
  39                0x00,0x40,0x20,0x1F,0x20,0x51,0x48,0x44,
  40                0x42,0x7F,0x42,0x44,0x4C,0x61,0x20,0x00
  41          };       
  42          
  43          uchar code font_05[] =//"校",    
  44          {
  45                  0x10,0x10,0xD0,0xFF,0x90,0x10,0x88,0x48,
  46                0xA8,0x09,0x0A,0x08,0xA8,0x4C,0xC8,0x00,
  47                0x04,0x03,0x00,0xFF,0x80,0x81,0x40,0x40,
  48                0x21,0x16,0x08,0x16,0x61,0xC0,0x40,0x00
  49          };       
  50          
  51          uchar code font_06[] =//"准",      
  52          {
  53                    0x00,0x02,0x04,0xEC,0x40,0x20,0xF8,0x4F,
  54                0x48,0x49,0xFE,0x48,0x68,0x4C,0x08,0x00,
  55                0x02,0x02,0x7F,0x00,0x00,0x00,0xFF,0x22,
C51 COMPILER V9.01   ZIKU                                                                  05/21/2015 22:39:39 PAGE 2   

  56                0x22,0x22,0x3F,0x22,0x23,0x32,0x20,0x00
  57          };       
  58          
  59          uchar code font_07[] =//"积",   
  60          {
  61                  0x20,0x24,0x24,0xA4,0xFE,0x23,0x22,0x00,
  62                0xFC,0x04,0x04,0x04,0x04,0xFE,0x04,0x00,
  63                0x10,0x08,0x06,0x01,0xFF,0x01,0x42,0x20,
  64                0x1B,0x11,0x01,0x01,0x09,0x33,0x60,0x00
  65          };       
  66          
  67          uchar code font_08[] =//"分",    
  68          {
  69                  0x00,0x80,0x40,0x20,0x98,0x86,0x80,0x80,
  70                0x83,0x8C,0x90,0x20,0xC0,0x80,0x80,0x00,
  71                0x01,0x00,0x80,0x40,0x20,0x1F,0x00,0x40,
  72                0x80,0x40,0x3F,0x00,0x00,0x01,0x00,0x00
  73          }; 
  74          
  75          uchar code font_09[] =//"系",      
  76          { 0x00,0x02,0x22,0x22,0x32,0x2E,0xA2,0x62,
  77                0x22,0x22,0x91,0x09,0x01,0x00,0x00,0x00,
  78                0x00,0x00,0x42,0x22,0x1A,0x43,0x82,0x7E,
  79                0x02,0x02,0x0A,0x13,0x66,0x00,0x00,0x00
  80          };
  81          
  82          uchar code font_10[] =//"数", 
  83           {    
  84                    0x10,0x92,0x54,0x30,0xFF,0x50,0x94,0x32,
  85                0xD8,0x17,0x10,0x10,0xF0,0x18,0x10,0x00,
  86                0x02,0x82,0x4E,0x33,0x22,0x52,0x8E,0x40,
  87                0x23,0x14,0x08,0x16,0x61,0xC0,0x40,0x00
  88          };
  89          uchar code font_11[] =//"截",
  90          {
  91                0x10,0x14,0x94,0xF4,0x94,0xDF,0x94,0xD4,
  92                0x90,0x7F,0x90,0x12,0x14,0x10,0x10,0x00,
  93                0x02,0x01,0xFF,0x4A,0x4A,0x7F,0x4A,0x4A,
  94                0x60,0x10,0x0F,0x34,0x42,0x81,0x70,0x00
  95           };
  96          uchar code font_12[] =//"面",
  97          {
  98                    0x02,0xF2,0x12,0x12,0x12,0xFA,0x96,0x92,
  99                0x92,0xF2,0x12,0x12,0x12,0xFB,0x12,0x00,
 100                0x00,0xFF,0x40,0x40,0x40,0x7F,0x48,0x48,
 101                0x48,0x7F,0x40,0x40,0x40,0xFF,0x00,0x00
 102          };
 103          
 104          uchar code font_13[] =//"压", 
 105          {
 106                0x00,0x00,0xFE,0x02,0x82,0x82,0x82,0x82,
 107                0xFE,0x82,0x82,0x82,0xC3,0x82,0x00,0x00,
 108                0x40,0x30,0x0F,0x40,0x40,0x40,0x40,0x40,
 109                0x7F,0x40,0x42,0x44,0x4C,0x60,0x40,0x00
 110          };
 111          
 112          uchar code font_14[] =//"力", 
 113          {
 114                    0x00,0x10,0x10,0x10,0x10,0x10,0xFF,0x10,
 115                0x10,0x10,0x10,0x10,0xF8,0x10,0x00,0x00,
 116                0x00,0x80,0x80,0x80,0x60,0x18,0x07,0x00,
 117                0x20,0x40,0x80,0x40,0x3F,0x00,0x00,0x00,
C51 COMPILER V9.01   ZIKU                                                                  05/21/2015 22:39:39 PAGE 3   

 118          };
 119          
 120          uchar code font_15[] =//"单", 
 121          { 
 122                0x00,0x00,0xF8,0x49,0x4A,0x4C,0x48,0xF8,
 123                0x48,0x4C,0x4A,0x49,0xFC,0x08,0x00,0x00,
 124                0x10,0x10,0x17,0x12,0x12,0x12,0x12,0xFF,
 125                0x12,0x12,0x12,0x12,0x13,0x18,0x10,0x00
 126          };
 127          
 128          uchar code font_16[] =//"位", 
 129          {
 130                0x80,0x40,0x20,0xF8,0x07,0x10,0xD0,0x10,
 131                0x11,0x16,0x10,0x10,0xD8,0x10,0x00,0x00,
 132                0x00,0x00,0x00,0xFF,0x20,0x20,0x20,0x23,
 133                0x2C,0x20,0x38,0x27,0x20,0x30,0x20,0x00
 134          };
 135          
 136          uchar code font_17[] =//"恢", 
 137          {
 138                0x80,0x70,0x00,0xFF,0x10,0x28,0x08,0xE8,
 139                0x1F,0x08,0xE8,0x08,0x08,0x8C,0x08,0x00,
 140                0x00,0x00,0x00,0xFF,0x20,0x18,0x87,0x80,
 141                0x41,0x32,0x0F,0x32,0x41,0xC1,0x40,0x00
 142          };
 143          
 144          uchar code font_18[] =//"复", 
 145          {
 146                0x20,0x10,0x0C,0x03,0xFA,0xAA,0xAA,0xAA,
 147                0xAA,0xAA,0xAA,0xFA,0x03,0x02,0x00,0x00,
 148                0x00,0x20,0x90,0x88,0x86,0x47,0x2A,0x12,
 149                0x12,0x2A,0x46,0x42,0x80,0x80,0x80,0x00
 150          };
 151          
 152          uchar code font_19[] =//"设", 
 153          {
 154                0x40,0x40,0x42,0xCC,0x00,0x40,0xA0,0x9F,
 155                0x81,0x81,0x81,0x9F,0xA0,0x20,0x20,0x00,
 156                0x00,0x00,0x00,0x7F,0xA0,0x90,0x40,0x43,
 157                0x2C,0x10,0x28,0x26,0x41,0xC0,0x40,0x00
 158          };
 159          
 160          uchar code font_20[] =//"置", 
 161          {
 162                0x00,0x10,0x17,0xD5,0x55,0x57,0x55,0x7D,
 163                0x55,0x57,0x55,0xD5,0x17,0x10,0x00,0x00,
 164                0x40,0x40,0x40,0x7F,0x55,0x55,0x55,0x55,
 165                0x55,0x55,0x55,0x7F,0x40,0x60,0x40,0x00
 166          };
 167          
 168          uchar code font_21[] =//"程", 
 169          {
 170                0x24,0x24,0xA4,0xFE,0xA3,0x22,0x20,0x7E,
 171                0x42,0x42,0x42,0x42,0x42,0x7F,0x02,0x00,
 172                0x08,0x06,0x01,0xFF,0x00,0x43,0x41,0x49,
 173                0x49,0x49,0x7F,0x49,0x4D,0x69,0x41,0x00
 174          };
 175          
 176          uchar code font_22[] =//"密", 
 177          {
 178                0x10,0x4C,0x24,0x04,0xF4,0x84,0x4D,0x56,
 179                0x24,0x24,0x14,0x84,0x24,0x54,0x0C,0x00,
C51 COMPILER V9.01   ZIKU                                                                  05/21/2015 22:39:39 PAGE 4   

 180                0x00,0x01,0xFD,0x41,0x40,0x41,0x41,0x7F,
 181                0x41,0x41,0x41,0x41,0xFC,0x00,0x00,0x00,
 182          };
 183          
 184          uchar code font_23[] =//"码", 
 185          {
 186                0x02,0x82,0xF2,0x4E,0x43,0xE2,0x42,0xFA,
 187                0x02,0x02,0x02,0xFF,0x02,0x80,0x00,0x00,
 188                0x01,0x00,0x7F,0x20,0x20,0x7F,0x08,0x09,
 189                0x09,0x09,0x0D,0x49,0x81,0x7F,0x01,0x00
 190          };
 191          
 192          uchar code font_24[] =//"点", 
 193          {
 194               0x00,0x00,0xC0,0x40,0x40,0x40,0x7F,0x48,
 195                0x48,0x48,0x48,0xE8,0x4C,0x08,0x00,0x00,
 196                0x80,0x40,0x37,0x04,0x14,0x64,0x04,0x14,
 197                0x24,0x64,0x04,0x17,0x20,0xC0,0x00,0x00
 198          };
 199          uchar code font_25[] =//“初”
 200          {
 201                0x10,0x10,0x91,0xD6,0x30,0x98,0x00,0x08,
 202                0x08,0xF8,0x08,0x08,0x08,0xFC,0x08,0x00,
 203                0x02,0x01,0x00,0xFF,0x01,0x82,0x40,0x20,
 204                0x18,0x07,0x40,0x80,0x40,0x3F,0x00,0x00,
 205          
 206          };
 207          
 208          uchar code font_26[] =//"精", 
 209          { 
 210                0x24,0x28,0x20,0xFF,0x30,0x28,0x44,0x54,
 211                0x54,0x54,0x7F,0x54,0x54,0xD6,0x44,0x00,
 212                0x08,0x04,0x03,0xFF,0x01,0x02,0x00,0xFF,
 213                0x15,0x15,0x15,0x15,0x95,0xFF,0x01,0x00
 214          
 215          };
 216          
 217          uchar code font_27[] =//"度", 
 218          {      
 219                    0x00,0x00,0xFC,0x24,0x24,0x24,0xFC,0xA5,
 220                0xA6,0xA4,0xFC,0x24,0x34,0x26,0x04,0x00,
 221                0x40,0x20,0x9F,0x80,0x42,0x42,0x26,0x2A,
 222                0x12,0x2A,0x26,0x42,0x40,0xC0,0x40,0x00
 223          };
 224          
 225          uchar code font_28[] =//"始", 
 226          {      
 227                    0x10,0x10,0xF0,0x1F,0x10,0xF0,0x40,0x60,
 228                0x58,0x47,0x40,0x40,0x50,0x60,0xC0,0x00,
 229                0x40,0x22,0x15,0x08,0x16,0x61,0x00,0xFE,
 230                0x42,0x42,0x42,0x42,0x42,0xFF,0x02,0x00
 231          };
 232          
 233          uchar code font_29[] =//"值", 
 234          {      
 235                    0x80,0x40,0x20,0xF8,0x07,0x04,0xE4,0xA4,
 236                0xA4,0xBF,0xA4,0xA4,0xF6,0x24,0x00,0x00,
 237                0x00,0x00,0x00,0xFF,0x40,0x40,0x7F,0x4A,
 238                0x4A,0x4A,0x4A,0x4A,0x7F,0x40,0x40,0x00
 239          };
 240          uchar code font_30[] =//"原",
 241          {
C51 COMPILER V9.01   ZIKU                                                                  05/21/2015 22:39:39 PAGE 5   

 242                0x00,0x00,0xFE,0x02,0xE2,0xA2,0xB2,0xAE,
 243                0xA2,0xA2,0xA2,0xA2,0xF3,0x22,0x00,0x00,
 244                0x40,0x30,0x0F,0x40,0x23,0x1A,0x42,0x82,
 245                0x7E,0x02,0x02,0x0A,0x13,0x60,0x00,0x00
 246          };
 247          
 248          uchar code font_31[] =//"新",
 249          {
 250                0x40,0x44,0x54,0x65,0xC6,0x64,0xD6,0x44,
 251                0x40,0xFC,0x44,0x42,0xC3,0x62,0x40,0x00,
 252                0x20,0x11,0x49,0x81,0x7F,0x01,0x05,0x29,
 253                0x18,0x07,0x00,0x00,0xFF,0x00,0x00,0x00
 254          };
 255          
 256          uchar code qing[] =  //"清"
 257          {
 258                    0x10,0x22,0x64,0x0C,0xC0,0x44,0x54,0x54,
 259                0x54,0x7F,0x54,0x54,0xD6,0x44,0x40,0x00,
 260                0x04,0x04,0xFE,0x01,0x00,0x00,0xFF,0x15,
 261                0x15,0x15,0x55,0x95,0x7F,0x01,0x00,0x00
 262          };
 263          /*
 264          uchar code font_32[] =//"流", 粗体
 265          {
 266                0x00,0x10,0xE1,0xCE,0x0C,0x80,0x44,0xE4,
 267                0xF4,0x5D,0xCF,0x46,0xD4,0x74,0xE6,0x44,
 268                0x00,0x04,0x38,0xFC,0x67,0x80,0x60,0x3F,
 269                0x1F,0x00,0xFF,0x00,0x7F,0xFF,0xC0,0x70,
 270          };
 271          
 272          uchar code font_33[] =//"量", 粗体
 273          {
 274                0x00,0x20,0x20,0xFF,0xBF,0xB5,0xB5,0xB5,
 275                0xB5,0xB5,0xB5,0xBF,0xFF,0xA0,0x30,0x20,
 276                0x00,0x80,0x80,0x9F,0xAF,0xAA,0xAA,0xFF,
 277                0xFF,0xAA,0xAA,0xBF,0x8F,0xC0,0x80,0x00,
 278          };
 279          
 280          uchar code font_34[] =//"变",  粗体
 281          {
 282                0x00,0x00,0xC4,0x74,0x3C,0x14,0xFC,0xFD,
 283                0x07,0x06,0xFC,0xFC,0x94,0x24,0xE6,0x44,
 284                0x00,0x01,0x80,0x80,0x81,0x43,0x45,0x2D,
 285                0x39,0x19,0x2D,0x67,0x43,0xC1,0xC0,0x40,
 286          
 287          };
 288          
 289          uchar code font_35[] =//"送", 粗体
 290          {
 291               0x00,0x40,0x46,0xDC,0xE8,0x40,0x80,0x89,
 292                0x8A,0x8E,0xF8,0xFC,0x8F,0x8A,0xC8,0x80,
 293                0x00,0x40,0xE0,0x3F,0x1F,0x30,0x60,0xE0,
 294                0xD8,0xCE,0xC7,0xC1,0xC6,0xDC,0xF8,0x50,
 295          };
 296          
 297          uchar code font_36[] =//"器", 粗体
 298          {
 299               0x00,0x80,0xBF,0x9E,0x92,0x92,0xBE,0xDF,
 300                0xC2,0xBF,0x9E,0xF2,0xD2,0xBE,0xDF,0x82,
 301                0x00,0x04,0xFC,0x7C,0x4A,0x4A,0xF9,0x7D,
 302                0x08,0xFC,0x79,0x49,0x4A,0xFA,0x7E,0x0A
 303          }; 
C51 COMPILER V9.01   ZIKU                                                                  05/21/2015 22:39:39 PAGE 6   

 304          
 305          uchar code font_37[] =//冒号“：”
 306          {
 307                0x00,0x00,0x00,0x00,0x00,0x80,0x80,0x00,
 308                0x00,0x00,0x00,0x00,0x00,0x00,0x00,0x00,
 309                0x00,0x00,0x00,0x00,0x00,0x31,0x31,0x00,
 310                0x00,0x00,0x00,0x00,0x00,0x00,0x00,0x00,
 311           };*/   
 312          uchar code font_38[] =    //流
 313          {
 314                0x10,0x22,0x64,0x0C,0x80,0x44,0x44,0x64,
 315                0x55,0x4E,0x44,0x54,0x66,0xC4,0x00,0x00,
 316                0x04,0x04,0xFE,0x01,0x00,0x80,0x40,0x3F,
 317                0x00,0xFF,0x00,0x3F,0x40,0x40,0x70,0x00
 318           };
 319          uchar code font_39[] =    //补
 320          {
 321                0x10,0x10,0x10,0x11,0xD6,0x30,0x98,0x00,
 322                0x00,0xFF,0x40,0x80,0x00,0x00,0x00,0x00,
 323                0x08,0x04,0x02,0x01,0xFF,0x01,0x02,0x00,
 324                0x00,0xFF,0x00,0x00,0x01,0x03,0x00,0x00
 325           };
 326           uchar code font_40[] =   //偿
 327          {
 328                0x80,0x40,0x20,0xF8,0x47,0x30,0x92,0x94,
 329                0x90,0x9F,0x90,0xD4,0x92,0x50,0x30,0x00,
 330                0x00,0x00,0x00,0xFF,0x04,0x04,0x44,0x64,
 331                0x54,0x4C,0x44,0x54,0x64,0xC6,0x04,0x00
 332           };
 333          
 334           uchar code font_41[] =   //温
 335          {
 336                0x10,0x22,0x64,0x0C,0x80,0x00,0xFE,0x92,
 337                0x92,0x92,0x92,0x92,0xFF,0x02,0x00,0x00,
 338                0x04,0x04,0xFE,0x01,0x40,0x7E,0x42,0x42,
 339                0x7E,0x42,0x7E,0x42,0x42,0x7E,0x40,0x00
 340           };
 341          
 342            uchar code font_42[] =          //度
 343          {
 344                0x00,0x00,0xFC,0x24,0x24,0x24,0xFC,0xA5,
 345                0xA6,0xA4,0xFC,0x24,0x34,0x26,0x04,0x00,
 346                0x40,0x20,0x9F,0x80,0x42,0x42,0x26,0x2A,
 347                0x12,0x2A,0x26,0x42,0x40,0xC0,0x40,0x00
 348           };
 349          
 350           uchar code yi[] = 
 351           {
 352                    0x80,0x80,0x80,0x80,0x80,0x80,0x80,0x80,
 353                0x80,0x80,0x80,0x80,0x80,0xC0,0x80,0x00,
 354                0x00,0x00,0x00,0x00,0x00,0x00,0x00,0x00,
 355                0x00,0x00,0x00,0x00,0x00,0x00,0x00,0x00
 356           };
 357          
 358           uchar code er[] = 
 359           {
 360                0x00,0x00,0x08,0x08,0x08,0x08,0x08,0x08,
 361                0x08,0x08,0x08,0x0C,0x08,0x00,0x00,0x00,
 362                0x10,0x10,0x10,0x10,0x10,0x10,0x10,0x10,
 363                0x10,0x10,0x10,0x10,0x10,0x18,0x10,0x00
 364           } ;
 365          
C51 COMPILER V9.01   ZIKU                                                                  05/21/2015 22:39:39 PAGE 7   

 366          uchar code jia[] = 
 367          {
 368                0x00,0x00,0xFE,0x22,0x22,0x22,0x22,0xFE,
 369                0x22,0x22,0x22,0x22,0xFF,0x02,0x00,0x00,
 370                0x00,0x00,0x07,0x02,0x02,0x02,0x02,0xFF,
 371                0x02,0x02,0x02,0x02,0x07,0x00,0x00,0x00
 372          };
 373          
 374          uchar code wan[] = 
 375          {
 376              0x80,0x70,0x00,0xFF,0x10,0x08,0x1C,0x24,
 377                0x24,0x25,0x26,0x34,0xA4,0x14,0x0C,0x00,
 378                0x40,0x20,0x18,0x07,0x08,0xB0,0x41,0x31,
 379                0x0F,0x01,0x01,0x3F,0x41,0x41,0x70,0x00
 380          } ;
 381          
 382          uchar code zong[] = 
 383          {
 384                   0x00,0x00,0x00,0xF1,0x12,0x14,0x10,0x10,
 385                0x10,0x14,0x12,0xF9,0x10,0x00,0x00,0x00,
 386                0x20,0x18,0x00,0x3B,0x41,0x41,0x45,0x49,
 387                0x59,0x41,0x41,0x73,0x00,0x08,0x30,0x00
 388          }  ;
 389          
 390          uchar code chun[] = 
 391          {
 392                   0x20,0x30,0xAC,0x63,0x30,0x08,0xE8,0x08,
 393                0x08,0xFF,0x08,0x08,0xE8,0x0C,0x08,0x00,
 394                0x22,0x67,0x22,0x12,0x12,0x00,0x07,0x02,
 395                0x02,0x3F,0x42,0x42,0x47,0x40,0x70,0x00
 396          
 397          }  ;
 398          uchar code hun[] = 
 399          {
 400                  0x10,0x21,0x62,0x06,0x80,0xFE,0x92,0x92,
 401                0x92,0x92,0x92,0x92,0xFF,0x02,0x00,0x00,
 402                0x04,0x04,0xFE,0x01,0x00,0xFE,0x84,0x44,
 403                0x20,0x7F,0x88,0x84,0x86,0x80,0xE0,0x00,
 404          
 405          }  ;
 406          
 407          uchar code he[] = 
 408          {
 409                  0x80,0x80,0x40,0x20,0x50,0x48,0x44,0x43,
 410              0x44,0x48,0x50,0x20,0x40,0xC0,0x40,0x00,
 411              0x00,0x00,0x00,0xFE,0x42,0x42,0x42,0x42,
 412              0x42,0x42,0x42,0xFF,0x02,0x00,0x00,0x00
 413          
 414          }  ;
 415          
 416          uchar code lei[]=
 417          {
 418                0x00,0x10,0x10,0x12,0x94,0x50,0x10,0xFF,
 419                0x10,0x50,0x94,0x92,0x18,0x10,0x00,0x00,
 420                0x04,0x84,0x84,0x45,0x24,0x14,0x0C,0x07,
 421                0x0C,0x14,0x24,0x45,0xC4,0x46,0x04,0x00
 422          };
 423          
 424          uchar code xin[]=
 425          {
 426                0x20,0x22,0x22,0xFE,0x22,0x22,0xFE,0x23,
 427                0x22,0x00,0xFC,0x00,0x00,0xFF,0x00,0x00,
C51 COMPILER V9.01   ZIKU                                                                  05/21/2015 22:39:39 PAGE 8   

 428                0x40,0x4C,0x4A,0x49,0x48,0x48,0x4B,0x7E,
 429                0x48,0x48,0x48,0x4A,0x4C,0x6B,0x40,0x00
 430          } ;
 431          
 432          uchar code gong[] =    //工
 433          {
 434                    0x00,0x04,0x04,0x04,0x04,0x04,0x04,0xFC,
 435                0x04,0x04,0x04,0x04,0x06,0x04,0x00,0x00,
 436                0x20,0x20,0x20,0x20,0x20,0x20,0x20,0x3F,
 437                0x20,0x20,0x20,0x20,0x20,0x30,0x20,0x00
 438          };
 439          
 440          uchar code kuang[] =  //况
 441          {
 442                0x00,0x02,0x04,0x8C,0x40,0x7E,0xC2,0x42,
 443                0x42,0xC2,0x42,0x7F,0x02,0x00,0x00,0x00,
 444                0x02,0x02,0xFF,0x80,0x40,0x30,0x0F,0x00,
 445                0x00,0x3F,0x40,0x40,0x40,0x40,0x70,0x00
 446          };
 447          
 448          uchar code biao[] = //标
 449          {
 450                0x10,0x10,0xD0,0xFF,0x90,0x50,0x44,0x44,
 451                0x44,0xC4,0x44,0x46,0x44,0x60,0x40,0x00,
 452                0x04,0x03,0x00,0xFF,0x00,0x11,0x08,0x46,
 453                0x80,0x7F,0x00,0x02,0x0C,0x18,0x00,0x00 
 454          };
 455          
 456          uchar code nAsciiDot[] =                          // ASCII
 457          {
 458                  0x00,0x00,0x00,0x00,0x00,  // - -       32
 459                  0x00,0x00,0x00,0x00,0x00,
 460                  0x00,0x00,0x00,0x00,0x00,
 461                  0x00,
 462          
 463                  0x00,0x00,0x38,0xFC,0xFC,  // -!-       33
 464                  0x38,0x00,0x00,0x00,0x00,
 465                  0x00,0x0D,0x0D,0x00,0x00,
 466                  0x00,
 467          
 468                  0x00,0x00,0x3C,0x24,0x24,//34 温度单位前面的那个0
 469                  0x3C,0x00,0x00,0x00,0x00,
 470                  0x00,0x00,0x00,0x00,0x00,
 471                  0x00,
 472          
 473                  0x20,0xF8,0xF8,0x20,0xF8,  // -#-  35
 474                  0xF8,0x20,0x00,0x02,0x0F,
 475                  0x0F,0x02,0x0F,0x0F,0x02,
 476                  0x00,
 477          
 478                  0x38,0x7C,0x44,0x47,0x47,  // -$- 36
 479                  0xCC,0x98,0x00,0x03,0x06,
 480                  0x04,0x1C,0x1C,0x07,0x03,
 481                  0x00,
 482          
 483                  0x30,0x30,0x00,0x80,0xC0,  // -%- 37
 484                  0x60,0x30,0x00,0x0C,0x06,
 485                  0x03,0x01,0x00,0x0C,0x0C,
 486                  0x00,
 487          
 488                  0x80,0xD8,0x7C,0xE4,0xBC,  // -&- 38
 489                  0xD8,0x40,0x00,0x07,0x0F,
C51 COMPILER V9.01   ZIKU                                                                  05/21/2015 22:39:39 PAGE 9   

 490                  0x08,0x08,0x07,0x0F,0x08,
 491                  0x00,
 492          
 493                  0x00,0x10,0x1E,0x0E,0x00,  // -'-  39
 494                  0x00,0x00,0x00,0x00,0x00,
 495                  0x00,0x00,0x00,0x00,0x00,
 496                  0x00,
 497          
 498                  0x00,0x00,0xF0,0xF8,0x0C,  // -(-  40
 499                  0x04,0x00,0x00,0x00,0x00,
 500                  0x03,0x07,0x0C,0x08,0x00,
 501                  0x00,
 502          
 503                  0x00,0x00,0x04,0x0C,0xF8,  // -)-  41
 504                  0xF0,0x00,0x00,0x00,0x00,
 505                  0x08,0x0C,0x07,0x03,0x00,
 506                  0x00,
 507          
 508                  0x80,0xA0,0xE0,0xC0,0xC0,  // -*-       42
 509                  0xE0,0xA0,0x80,0x00,0x02,
 510                  0x03,0x01,0x01,0x03,0x02,
 511                  0x00,
 512          
 513                  0x00,0x80,0x80,0xE0,0xE0,  // -+-  43
 514                  0x80,0x80,0x00,0x00,0x00,
 515                  0x00,0x03,0x03,0x00,0x00,
 516                  0x00,
 517          
 518                  0x00,0x00,0x00,0x00,0x00,  // -,-       44
 519                  0x00,0x00,0x00,0x00,0x00,
 520                  0x10,0x1E,0x0E,0x00,0x00,
 521                  0x00,
 522          
 523                  0x80,0x80,0x80,0x80,0x80,  // ---       45
 524                  0x80,0x80,0x00,0x00,0x00,
 525                  0x00,0x00,0x00,0x00,0x00,
 526                  0x00,
 527          
 528                  0x00,0x00,0x00,0x00,0x00,  // -.- 46
 529                  0x00,0x00,0x00,0x00,0x00,
 530                  0x00,0x0C,0x0C,0x00,0x00,
 531                  0x00,
 532          
 533                  0x00,0x00,0x00,0x80,0xC0,  // -/-       47
 534                  0x60,0x30,0x00,0x0C,0x06,
 535                  0x03,0x01,0x00,0x00,0x00,
 536                  0x00,
 537          
 538                  0xF8,0xFC,0x04,0xC4,0x24,  // -0-       48
 539                  0xFC,0xF8,0x00,0x07,0x0F,
 540                  0x09,0x08,0x08,0x0F,0x07,
 541                  0x00,
 542          
 543                  0x00,0x10,0x18,0xFC,0xFC,  // -1-  49
 544                  0x00,0x00,0x00,0x00,0x08,
 545                  0x08,0x0F,0x0F,0x08,0x08,
 546                  0x00,
 547          
 548                  0x08,0x0C,0x84,0xC4,0x64,  // -2-        50
 549                  0x3C,0x18,0x00,0x0E,0x0F,
 550                  0x09,0x08,0x08,0x0C,0x0C,
 551                  0x00,
C51 COMPILER V9.01   ZIKU                                                                  05/21/2015 22:39:39 PAGE 10  

 552          
 553                  0x08,0x0C,0x44,0x44,0x44,  // -3-
 554                  0xFC,0xB8,0x00,0x04,0x0C,
 555                  0x08,0x08,0x08,0x0F,0x07,
 556                  0x00,
 557          
 558                  0xC0,0xE0,0xB0,0x98,0xFC,  // -4-
 559                  0xFC,0x80,0x00,0x00,0x00,
 560                  0x00,0x08,0x0F,0x0F,0x08,
 561                  0x00,
 562          
 563                  0x7C,0x7C,0x44,0x44,0xC4,  // -5-
 564                  0xC4,0x84,0x00,0x04,0x0C,
 565                  0x08,0x08,0x08,0x0F,0x07,
 566                  0x00,
 567          
 568                  0xF0,0xF8,0x4C,0x44,0x44,  // -6-
 569                  0xC0,0x80,0x00,0x07,0x0F,
 570                  0x08,0x08,0x08,0x0F,0x07,
 571                  0x00,
 572          
 573                  0x0C,0x0C,0x04,0x84,0xC4,  // -7-
 574                  0x7C,0x3C,0x00,0x00,0x00,
 575                  0x0F,0x0F,0x00,0x00,0x00,
 576                  0x00,
 577          
 578                  0xB8,0xFC,0x44,0x44,0x44,  // -8-
 579                  0xFC,0xB8,0x00,0x07,0x0F,
 580                  0x08,0x08,0x08,0x0F,0x07,
 581                  0x00,
 582          
 583                  0x38,0x7C,0x44,0x44,0x44,  // -9-               57
 584                  0xFC,0xF8,0x00,0x00,0x08,
 585                  0x08,0x08,0x0C,0x07,0x03,
 586                  0x00,
 587          
 588                  0x00,0x00,0x00,0x30,0x30,  // -:-          58
 589                  0x00,0x00,0x00,0x00,0x00,
 590                  0x00,0x06,0x06,0x00,0x00,
 591                  0x00,
 592          
 593                  0x48,0x48,0xB0,0x00,0x00,  //m3/s中的3   59
 594                  0x00,0x00,0x00,0x02,0x02,
 595                  0x01,0x00,0x00,0x00,0x00,
 596                  0x00,
 597          
 598              0xC8,0xA8,0x90,0x00,0x00,  //m2中的2        60
 599                  0x00,0x00,0x00,0x00,0x00,
 600                  0x00,0x00,0x00,0x00,0x00,
 601                  0x00,
 602          
 603                  0x40,0x40,0x40,0x40,0x40,  // -=-
 604                  0x40,0x40,0x00,0x02,0x02,
 605                  0x02,0x02,0x02,0x02,0x02,
 606                  0x00,
 607          
 608                  0x00,0x08,0x18,0x30,0x60,  // ->-
 609                  0xC0,0x80,0x00,0x00,0x08,
 610                  0x0C,0x06,0x03,0x01,0x00,
 611                  0x00,
 612          
 613                  0x18,0x1C,0x04,0xC4,0xE4,  // -?-
C51 COMPILER V9.01   ZIKU                                                                  05/21/2015 22:39:39 PAGE 11  

 614                  0x3C,0x18,0x00,0x00,0x00,
 615                  0x00,0x0D,0x0D,0x00,0x00,
 616                  0x00,
 617          
 618                  0xF0,0xF8,0x08,0xC8,0xC8,  // -@-
 619                  0xF8,0xF0,0x00,0x07,0x0F,
 620                  0x08,0x0B,0x0B,0x0B,0x01,
 621                  0x00,
 622          
 623                  0xE0,0xF0,0x98,0x8C,0x98,  // -A-
 624                  0xF0,0xE0,0x00,0x0F,0x0F,
 625                  0x00,0x00,0x00,0x0F,0x0F,
 626                  0x00,
 627          
 628                  0x04,0xFC,0xFC,0x44,0x44,  // -B-
 629                  0xFC,0xB8,0x00,0x08,0x0F,
 630                  0x0F,0x08,0x08,0x0F,0x07,
 631                  0x00,
 632          
 633                  0xF0,0xF8,0x0C,0x04,0x04,  // -C-
 634                  0x0C,0x18,0x00,0x03,0x07,
 635                  0x0C,0x08,0x08,0x0C,0x06,
 636                  0x00,
 637          
 638                  0x04,0xFC,0xFC,0x04,0x0C,  // -D-
 639                  0xF8,0xF0,0x00,0x08,0x0F,
 640                  0x0F,0x08,0x0C,0x07,0x03,
 641                  0x00,
 642          
 643                  0x04,0xFC,0xFC,0x44,0xE4,  // -E-
 644                  0x0C,0x1C,0x00,0x08,0x0F,
 645                  0x0F,0x08,0x08,0x0C,0x0E,
 646                  0x00,
 647          
 648                  0x04,0xFC,0xFC,0x44,0xE4,  // -F-
 649                  0x0C,0x1C,0x00,0x08,0x0F,
 650                  0x0F,0x08,0x00,0x00,0x00,
 651                  0x00,
 652          
 653                  0xF0,0xF8,0x0C,0x84,0x84,  // -G-
 654                  0x8C,0x98,0x00,0x03,0x07,
 655                  0x0C,0x08,0x08,0x07,0x0F,
 656                  0x00,
 657          
 658                  0xFC,0xFC,0x40,0x40,0x40,  // -H-
 659                  0xFC,0xFC,0x00,0x0F,0x0F,
 660                  0x00,0x00,0x00,0x0F,0x0F,
 661                  0x00,
 662          
 663                  0x00,0x00,0x04,0xFC,0xFC,  // -I-
 664                  0x04,0x00,0x00,0x00,0x00,
 665                  0x08,0x0F,0x0F,0x08,0x00,
 666                  0x00,
 667          
 668                  0x00,0x00,0x00,0x04,0xFC,  // -J-
 669                  0xFC,0x04,0x00,0x07,0x0F,
 670                  0x08,0x08,0x0F,0x07,0x00,
 671                  0x00,
 672          
 673                  0x04,0xFC,0xFC,0xC0,0xF0,  // -K-
 674                  0x3C,0x0C,0x00,0x08,0x0F,
 675                  0x0F,0x00,0x01,0x0F,0x0E,
C51 COMPILER V9.01   ZIKU                                                                  05/21/2015 22:39:39 PAGE 12  

 676                  0x00,
 677          
 678                  0x04,0xFC,0xFC,0x04,0x00,  // -L-
 679                  0x00,0x00,0x00,0x08,0x0F,
 680                  0x0F,0x08,0x08,0x0C,0x0E,
 681                  0x00,
 682          
 683                  0xFC,0xFC,0x38,0x70,0x38,  // -M-
 684                  0xFC,0xFC,0x00,0x0F,0x0F,
 685                  0x00,0x00,0x00,0x0F,0x0F,
 686                  0x00,
 687          
 688                  0xFC,0xFC,0x38,0x70,0xE0,  // -N-
 689                  0xFC,0xFC,0x00,0x0F,0x0F,
 690                  0x00,0x00,0x00,0x0F,0x0F,
 691                  0x00,
 692          
 693                  0xF0,0xF8,0x0C,0x04,0x0C,  // -O-
 694                  0xF8,0xF0,0x00,0x03,0x07,
 695                  0x0C,0x08,0x0C,0x07,0x03,
 696                  0x00,
 697          
 698                  0x04,0xFC,0xFC,0x44,0x44,  // -P-
 699                  0x7C,0x38,0x00,0x08,0x0F,
 700                  0x0F,0x08,0x00,0x00,0x00,
 701                  0x00,
 702          
 703                  0xF8,0xFC,0x04,0x04,0x04,  // -Q-
 704                  0xFC,0xF8,0x00,0x07,0x0F,
 705                  0x08,0x0E,0x3C,0x3F,0x27,
 706                  0x00,
 707          
 708                  0x04,0xFC,0xFC,0x44,0xC4,  // -R-
 709                  0xFC,0x38,0x00,0x08,0x0F,
 710                  0x0F,0x00,0x00,0x0F,0x0F,
 711                  0x00,
 712          
 713                  0x18,0x3C,0x64,0x44,0xC4,  // -S-
 714                  0x9C,0x18,0x00,0x06,0x0E,
 715                  0x08,0x08,0x08,0x0F,0x07,
 716                  0x00,
 717          
 718                  0x00,0x1C,0x0C,0xFC,0xFC,  // -T-
 719                  0x0C,0x1C,0x00,0x00,0x00,
 720                  0x08,0x0F,0x0F,0x08,0x00,
 721                  0x00,
 722          
 723                  0xFC,0xFC,0x00,0x00,0x00,  // -U-
 724                  0xFC,0xFC,0x00,0x07,0x0F,
 725                  0x08,0x08,0x08,0x0F,0x07,
 726                  0x00,
 727          
 728                  0xFC,0xFC,0x00,0x00,0x00,  // -V-
 729                  0xFC,0xFC,0x00,0x01,0x03,
 730                  0x06,0x0C,0x06,0x03,0x01,
 731                  0x00,
 732          
 733                  0xFC,0xFC,0x00,0x80,0x00,  // -W-
 734                  0xFC,0xFC,0x00,0x03,0x0F,
 735                  0x0E,0x03,0x0E,0x0F,0x03,
 736                  0x00,
 737          
C51 COMPILER V9.01   ZIKU                                                                  05/21/2015 22:39:39 PAGE 13  

 738                  0x0C,0x3C,0xF0,0xC0,0xF0,  // -X-
 739                  0x3C,0x0C,0x00,0x0C,0x0F,
 740                  0x03,0x00,0x03,0x0F,0x0C,
 741                  0x00,
 742          
 743                  0x00,0x3C,0x7C,0xC0,0xC0,  // -Y-
 744                  0x7C,0x3C,0x00,0x00,0x00,
 745                  0x08,0x0F,0x0F,0x08,0x00,
 746                  0x00,
 747          
 748                  0x1C,0x0C,0x84,0xC4,0x64,  // -Z-
 749                  0x3C,0x1C,0x00,0x0E,0x0F,
 750                  0x09,0x08,0x08,0x0C,0x0E,
 751                  0x00,
 752          
 753                  0x00,0x00,0xFC,0xFC,0x04,  // -[-
 754                  0x04,0x00,0x00,0x00,0x00,
 755                  0x0F,0x0F,0x08,0x08,0x00,
 756                  0x00,
 757          
 758                  0x38,0x70,0xE0,0xC0,0x80,  // -\-
 759                  0x00,0x00,0x00,0x00,0x00,
 760                  0x00,0x01,0x03,0x07,0x0E,
 761                  0x00,
 762          
 763                  0x00,0x00,0x04,0x04,0xFC,  // -]-
 764                  0xFC,0x00,0x00,0x00,0x00,
 765                  0x08,0x08,0x0F,0x0F,0x00,
 766                  0x00,
 767          
 768                  0x08,0x0C,0x06,0x03,0x06,  // -^-
 769                  0x0C,0x08,0x00,0x00,0x00,
 770                  0x00,0x00,0x00,0x00,0x00,
 771                  0x00,
 772          
 773                  0x00,0x00,0x00,0x00,0x00,  // -_-
 774                  0x00,0x00,0x00,0x20,0x20,
 775                  0x20,0x20,0x20,0x20,0x20,
 776                  0x20,
 777          
 778                  0x00,0x00,0x03,0x07,0x04,  // -`-
 779                  0x00,0x00,0x00,0x00,0x00,
 780                  0x00,0x00,0x00,0x00,0x00,
 781                  0x00,
 782          
 783                  0x00,0xA0,0xA0,0xA0,0xE0,  // -a-
 784                  0xC0,0x00,0x00,0x07,0x0F,
 785                  0x08,0x08,0x07,0x0F,0x08,
 786                  0x00,
 787          
 788                  0x04,0xFC,0xFC,0x20,0x60,  // -b-
 789                  0xC0,0x80,0x00,0x08,0x0F,
 790                  0x07,0x08,0x08,0x0F,0x07,
 791                  0x00,
 792          
 793                  0xC0,0xE0,0x20,0x20,0x20,  // -c-
 794                  0x60,0x40,0x00,0x07,0x0F,
 795                  0x08,0x08,0x08,0x0C,0x04,
 796                  0x00,
 797          
 798                  0x80,0xC0,0x60,0x24,0xFC,  // -d-
 799                  0xFC,0x00,0x00,0x07,0x0F,
C51 COMPILER V9.01   ZIKU                                                                  05/21/2015 22:39:39 PAGE 14  

 800                  0x08,0x08,0x07,0x0F,0x08,
 801                  0x00,
 802          
 803                  0xC0,0xE0,0xA0,0xA0,0xA0,  // -e-
 804                  0xE0,0xC0,0x00,0x07,0x0F,
 805                  0x08,0x08,0x08,0x0C,0x04,
 806                  0x00,
 807          
 808                  0x40,0xF8,0xFC,0x44,0x0C,  // -f-
 809                  0x18,0x00,0x00,0x08,0x0F,
 810                  0x0F,0x08,0x00,0x00,0x00,
 811                  0x00,
 812          
 813                  0xC0,0xE0,0x20,0x20,0xC0,  // -g-
 814                  0xE0,0x20,0x00,0x27,0x6F,
 815                  0x48,0x48,0x7F,0x3F,0x00,
 816                  0x00,
 817          
 818                  0x04,0xFC,0xFC,0x40,0x20,  // -h-
 819                  0xE0,0xC0,0x00,0x08,0x0F,
 820                  0x0F,0x00,0x00,0x0F,0x0F,
 821                  0x00,
 822          
 823                  0x00,0x00,0x20,0xEC,0xEC,  // -i-
 824                  0x00,0x00,0x00,0x00,0x00,
 825                  0x08,0x0F,0x0F,0x08,0x00,
 826                  0x00,
 827          
 828                  0x00,0x00,0x00,0x00,0x20,  // -j-
 829                  0xEC,0xEC,0x00,0x00,0x30,
 830                  0x70,0x40,0x40,0x7F,0x3F,
 831                  0x00,
 832          
 833                  0x04,0xFC,0xFC,0x80,0xC0,  // -k-
 834                  0x60,0x20,0x00,0x08,0x0F,
 835                  0x0F,0x01,0x03,0x0E,0x0C,
 836                  0x00,
 837          
 838                  0x00,0x00,0x04,0xFC,0xFC,  // -l-
 839                  0x00,0x00,0x00,0x00,0x00,
 840                  0x08,0x0F,0x0F,0x08,0x00,
 841                  0x00,
 842          
 843                  0xE0,0xE0,0x60,0xC0,0x60,  // -m-
 844                  0xE0,0xC0,0x00,0x0F,0x0F,
 845                  0x00,0x0F,0x00,0x0F,0x0F,
 846                  0x00,
 847          
 848                  0x20,0xE0,0xC0,0x20,0x20,  // -n-
 849                  0xE0,0xC0,0x00,0x00,0x0F,
 850                  0x0F,0x00,0x00,0x0F,0x0F,
 851                  0x00,
 852          
 853                  0xC0,0xE0,0x20,0x20,0x20,  // -o-
 854                  0xE0,0xC0,0x00,0x07,0x0F,
 855                  0x08,0x08,0x08,0x0F,0x07,
 856                  0x00,
 857          
 858                  0x20,0xE0,0xC0,0x20,0x20,  // -p-
 859                  0xE0,0xC0,0x00,0x40,0x7F,
 860                  0x7F,0x48,0x08,0x0F,0x07,
 861                  0x00,
C51 COMPILER V9.01   ZIKU                                                                  05/21/2015 22:39:39 PAGE 15  

 862          
 863                  0xC0,0xE0,0x20,0x20,0xC0,  // -q-
 864                  0xE0,0x20,0x00,0x07,0x0F,
 865                  0x08,0x48,0x7F,0x7F,0x40,
 866                  0x00,
 867          
 868                  0x20,0xE0,0xC0,0x60,0x20,  // -r-
 869                  0x60,0xC0,0x00,0x08,0x0F,
 870                  0x0F,0x08,0x00,0x00,0x00,
 871                  0x00,
 872          
 873                  0x40,0xE0,0xA0,0x20,0x20,  // -s-
 874                  0x60,0x40,0x00,0x04,0x0C,
 875                  0x09,0x09,0x0B,0x0E,0x04,
 876                  0x00,
 877          
 878          //      0x20,0x20,0xF8,0xFC,0x20,  // -t-
 879          //      0x20,0x00,0x00,0x00,0x00,
 880          //      0x07,0x0F,0x08,0x0C,0x04,
 881          //      0x00,
 882          //
 883          //      0xE0,0xE0,0x00,0x00,0xE0,  // -u-
 884          //      0xE0,0x00,0x00,0x07,0x0F,
 885          //      0x08,0x08,0x07,0x0F,0x08,
 886          //      0x00,
 887          //
 888          //      0x00,0xE0,0xE0,0x00,0x00,  // -v-
 889          //      0xE0,0xE0,0x00,0x00,0x03,
 890          //      0x07,0x0C,0x0C,0x07,0x03,
 891          //      0x00,
 892          //
 893          //      0xE0,0xE0,0x00,0x00,0x00,  // -w-
 894          //      0xE0,0xE0,0x00,0x07,0x0F,
 895          //      0x0C,0x07,0x0C,0x0F,0x07,
 896          //      0x00,
 897          //
 898          //      0x20,0x60,0xC0,0x80,0xC0,  // -x-
 899          //      0x60,0x20,0x00,0x08,0x0C,
 900          //      0x07,0x03,0x07,0x0C,0x08,
 901          //      0x00,
 902          //
 903          //      0xE0,0xE0,0x00,0x00,0x00,  // -y-
 904          //      0xE0,0xE0,0x00,0x47,0x4F,
 905          //      0x48,0x48,0x68,0x3F,0x1F,
 906          //      0x00,
 907          //
 908          //      0x60,0x60,0x20,0xA0,0xE0,  // -z-
 909          //      0x60,0x20,0x00,0x0C,0x0E,
 910          //      0x0B,0x09,0x08,0x0C,0x0C,
 911          //      0x00,
 912          //
 913          //      0x00,0x40,0x40,0xF8,0xBC,  // -{-
 914          //      0x04,0x04,0x00,0x00,0x00,
 915          //      0x00,0x07,0x0F,0x08,0x08,
 916          //      0x00,
 917          //
 918          //      0x00,0x00,0x00,0xBC,0xBC,  // -|-
 919          //      0x00,0x00,0x00,0x00,0x00,
 920          //      0x00,0x0F,0x0F,0x00,0x00,
 921          //      0x00,
 922          //
 923          //      0x00,0x04,0x04,0xBC,0xF8,  // -}-
C51 COMPILER V9.01   ZIKU                                                                  05/21/2015 22:39:39 PAGE 16  

 924          //      0x40,0x40,0x00,0x00,0x08,
 925          //      0x08,0x0F,0x07,0x00,0x00,
 926          //      0x00,
 927          //
 928          //      0x08,0x0C,0x04,0x0C,0x08,  // -~-
 929          //      0x0C,0x04,0x00,0x00,0x00,
 930          //      0x00,0x00,0x00,0x00,0x00,
 931          //      0x00,
 932          //
 933          //      0x80,0xC0,0x60,0x30,0x60,  // --
 934          //      0xC0,0x80,0x00,0x07,0x07,
 935          //      0x04,0x04,0x04,0x07,0x07,
 936          //      0x00,
 937          };


MODULE INFORMATION:   STATIC OVERLAYABLE
   CODE SIZE        =   ----    ----
   CONSTANT SIZE    =   2976    ----
   XDATA SIZE       =   ----    ----
   PDATA SIZE       =   ----    ----
   DATA SIZE        =   ----    ----
   IDATA SIZE       =   ----    ----
   BIT SIZE         =   ----    ----
END OF MODULE INFORMATION.


C51 COMPILATION COMPLETE.  0 WARNING(S),  0 ERROR(S)
